{"E:/PROJECTS/Studzee/BACKEND/.eslintrc.js": {"path":"E:/PROJECTS/Studzee/BACKEND/.eslintrc.js","statementMap":{"0":{"start":{"line":1,"column":0},"end":{"line":17,"column":1}}},"fnMap":{},"branchMap":{},"s":{"0":0},"f":{},"b":{}}
,"E:/PROJECTS/Studzee/BACKEND/src/index.ts": {"path":"E:/PROJECTS/Studzee/BACKEND/src/index.ts","statementMap":{"0":{"start":{"line":21,"column":13},"end":{"line":82,"column":null}},"1":{"start":{"line":22,"column":2},"end":{"line":81,"column":null}},"2":{"start":{"line":23,"column":16},"end":{"line":23,"column":null}},"3":{"start":{"line":26,"column":4},"end":{"line":26,"column":null}},"4":{"start":{"line":27,"column":4},"end":{"line":27,"column":null}},"5":{"start":{"line":28,"column":4},"end":{"line":28,"column":null}},"6":{"start":{"line":29,"column":4},"end":{"line":29,"column":null}},"7":{"start":{"line":30,"column":4},"end":{"line":30,"column":null}},"8":{"start":{"line":32,"column":20},"end":{"line":37,"column":null}},"9":{"start":{"line":38,"column":4},"end":{"line":38,"column":null}},"10":{"start":{"line":41,"column":4},"end":{"line":41,"column":null}},"11":{"start":{"line":42,"column":4},"end":{"line":42,"column":null}},"12":{"start":{"line":45,"column":4},"end":{"line":58,"column":null}},"13":{"start":{"line":46,"column":6},"end":{"line":57,"column":null}},"14":{"start":{"line":60,"column":4},"end":{"line":60,"column":null}},"15":{"start":{"line":61,"column":4},"end":{"line":61,"column":null}},"16":{"start":{"line":62,"column":4},"end":{"line":62,"column":null}},"17":{"start":{"line":63,"column":4},"end":{"line":63,"column":null}},"18":{"start":{"line":64,"column":4},"end":{"line":64,"column":null}},"19":{"start":{"line":65,"column":4},"end":{"line":65,"column":null}},"20":{"start":{"line":66,"column":4},"end":{"line":66,"column":null}},"21":{"start":{"line":66,"column":42},"end":{"line":66,"column":63}},"22":{"start":{"line":69,"column":4},"end":{"line":69,"column":null}},"23":{"start":{"line":70,"column":4},"end":{"line":70,"column":null}},"24":{"start":{"line":73,"column":4},"end":{"line":77,"column":null}},"25":{"start":{"line":74,"column":6},"end":{"line":74,"column":null}},"26":{"start":{"line":75,"column":6},"end":{"line":75,"column":null}},"27":{"start":{"line":76,"column":6},"end":{"line":76,"column":null}},"28":{"start":{"line":79,"column":4},"end":{"line":79,"column":null}},"29":{"start":{"line":80,"column":4},"end":{"line":80,"column":null}},"30":{"start":{"line":84,"column":0},"end":{"line":84,"column":null}}},"fnMap":{"0":{"name":"(anonymous_0)","decl":{"start":{"line":21,"column":13},"end":{"line":21,"column":25}},"loc":{"start":{"line":21,"column":25},"end":{"line":82,"column":null}}},"1":{"name":"(anonymous_1)","decl":{"start":{"line":45,"column":17},"end":{"line":45,"column":18}},"loc":{"start":{"line":45,"column":31},"end":{"line":58,"column":5}}},"2":{"name":"(anonymous_2)","decl":{"start":{"line":66,"column":28},"end":{"line":66,"column":29}},"loc":{"start":{"line":66,"column":42},"end":{"line":66,"column":63}}},"3":{"name":"(anonymous_3)","decl":{"start":{"line":73,"column":28},"end":{"line":73,"column":34}},"loc":{"start":{"line":73,"column":34},"end":{"line":77,"column":5}}}},"branchMap":{},"s":{"0":0,"1":0,"2":0,"3":0,"4":0,"5":0,"6":0,"7":0,"8":0,"9":0,"10":0,"11":0,"12":0,"13":0,"14":0,"15":0,"16":0,"17":0,"18":0,"19":0,"20":0,"21":0,"22":0,"23":0,"24":0,"25":0,"26":0,"27":0,"28":0,"29":0,"30":0},"f":{"0":0,"1":0,"2":0,"3":0},"b":{}}
,"E:/PROJECTS/Studzee/BACKEND/src/api/controllers/admin.controller.ts": {"path":"E:/PROJECTS/Studzee/BACKEND/src/api/controllers/admin.controller.ts","statementMap":{"0":{"start":{"line":8,"column":30},"end":{"line":22,"column":null}},"1":{"start":{"line":9,"column":2},"end":{"line":21,"column":null}},"2":{"start":{"line":10,"column":16},"end":{"line":10,"column":null}},"3":{"start":{"line":11,"column":4},"end":{"line":13,"column":null}},"4":{"start":{"line":15,"column":4},"end":{"line":19,"column":null}},"5":{"start":{"line":16,"column":6},"end":{"line":18,"column":null}},"6":{"start":{"line":20,"column":4},"end":{"line":20,"column":null}},"7":{"start":{"line":27,"column":30},"end":{"line":43,"column":null}},"8":{"start":{"line":28,"column":2},"end":{"line":42,"column":null}},"9":{"start":{"line":29,"column":19},"end":{"line":29,"column":null}},"10":{"start":{"line":30,"column":21},"end":{"line":30,"column":null}},"11":{"start":{"line":31,"column":4},"end":{"line":31,"column":null}},"12":{"start":{"line":33,"column":4},"end":{"line":37,"column":null}},"13":{"start":{"line":34,"column":6},"end":{"line":36,"column":null}},"14":{"start":{"line":38,"column":4},"end":{"line":40,"column":null}},"15":{"start":{"line":39,"column":6},"end":{"line":39,"column":null}},"16":{"start":{"line":41,"column":4},"end":{"line":41,"column":null}},"17":{"start":{"line":48,"column":30},"end":{"line":59,"column":null}},"18":{"start":{"line":49,"column":2},"end":{"line":58,"column":null}},"19":{"start":{"line":50,"column":19},"end":{"line":50,"column":null}},"20":{"start":{"line":51,"column":4},"end":{"line":51,"column":null}},"21":{"start":{"line":52,"column":4},"end":{"line":52,"column":null}},"22":{"start":{"line":54,"column":4},"end":{"line":56,"column":null}},"23":{"start":{"line":55,"column":6},"end":{"line":55,"column":null}},"24":{"start":{"line":57,"column":4},"end":{"line":57,"column":null}}},"fnMap":{"0":{"name":"(anonymous_0)","decl":{"start":{"line":8,"column":30},"end":{"line":8,"column":37}},"loc":{"start":{"line":8,"column":69},"end":{"line":22,"column":null}}},"1":{"name":"(anonymous_1)","decl":{"start":{"line":27,"column":30},"end":{"line":27,"column":37}},"loc":{"start":{"line":27,"column":69},"end":{"line":43,"column":null}}},"2":{"name":"(anonymous_2)","decl":{"start":{"line":48,"column":30},"end":{"line":48,"column":37}},"loc":{"start":{"line":48,"column":69},"end":{"line":59,"column":null}}}},"branchMap":{"0":{"loc":{"start":{"line":15,"column":4},"end":{"line":19,"column":null}},"type":"if","locations":[{"start":{"line":15,"column":4},"end":{"line":19,"column":null}},{"start":{"line":15,"column":4},"end":{"line":19,"column":null}}]},"1":{"loc":{"start":{"line":33,"column":4},"end":{"line":37,"column":null}},"type":"if","locations":[{"start":{"line":33,"column":4},"end":{"line":37,"column":null}},{"start":{"line":33,"column":4},"end":{"line":37,"column":null}}]},"2":{"loc":{"start":{"line":38,"column":4},"end":{"line":40,"column":null}},"type":"if","locations":[{"start":{"line":38,"column":4},"end":{"line":40,"column":null}},{"start":{"line":38,"column":4},"end":{"line":40,"column":null}}]},"3":{"loc":{"start":{"line":38,"column":8},"end":{"line":38,"column":74}},"type":"binary-expr","locations":[{"start":{"line":38,"column":8},"end":{"line":38,"column":34}},{"start":{"line":38,"column":34},"end":{"line":38,"column":74}}]},"4":{"loc":{"start":{"line":54,"column":4},"end":{"line":56,"column":null}},"type":"if","locations":[{"start":{"line":54,"column":4},"end":{"line":56,"column":null}},{"start":{"line":54,"column":4},"end":{"line":56,"column":null}}]},"5":{"loc":{"start":{"line":54,"column":8},"end":{"line":54,"column":74}},"type":"binary-expr","locations":[{"start":{"line":54,"column":8},"end":{"line":54,"column":34}},{"start":{"line":54,"column":34},"end":{"line":54,"column":74}}]}},"s":{"0":0,"1":0,"2":0,"3":0,"4":0,"5":0,"6":0,"7":0,"8":0,"9":0,"10":0,"11":0,"12":0,"13":0,"14":0,"15":0,"16":0,"17":0,"18":0,"19":0,"20":0,"21":0,"22":0,"23":0,"24":0},"f":{"0":0,"1":0,"2":0},"b":{"0":[0,0],"1":[0,0],"2":[0,0],"3":[0,0],"4":[0,0],"5":[0,0]}}
,"E:/PROJECTS/Studzee/BACKEND/src/api/controllers/content.controller.ts": {"path":"E:/PROJECTS/Studzee/BACKEND/src/api/controllers/content.controller.ts","statementMap":{"0":{"start":{"line":5,"column":31},"end":{"line":8,"column":null}},"1":{"start":{"line":13,"column":35},"end":{"line":25,"column":null}},"2":{"start":{"line":18,"column":2},"end":{"line":24,"column":null}},"3":{"start":{"line":19,"column":28},"end":{"line":19,"column":null}},"4":{"start":{"line":20,"column":19},"end":{"line":20,"column":null}},"5":{"start":{"line":21,"column":4},"end":{"line":21,"column":null}},"6":{"start":{"line":23,"column":4},"end":{"line":23,"column":null}},"7":{"start":{"line":30,"column":31},"end":{"line":50,"column":null}},"8":{"start":{"line":35,"column":2},"end":{"line":49,"column":null}},"9":{"start":{"line":36,"column":19},"end":{"line":36,"column":null}},"10":{"start":{"line":37,"column":4},"end":{"line":37,"column":null}},"11":{"start":{"line":39,"column":19},"end":{"line":39,"column":null}},"12":{"start":{"line":40,"column":21},"end":{"line":40,"column":null}},"13":{"start":{"line":42,"column":4},"end":{"line":44,"column":null}},"14":{"start":{"line":43,"column":6},"end":{"line":43,"column":null}},"15":{"start":{"line":46,"column":4},"end":{"line":46,"column":null}},"16":{"start":{"line":48,"column":4},"end":{"line":48,"column":null}},"17":{"start":{"line":55,"column":31},"end":{"line":66,"column":null}},"18":{"start":{"line":60,"column":2},"end":{"line":65,"column":null}},"19":{"start":{"line":61,"column":19},"end":{"line":61,"column":null}},"20":{"start":{"line":62,"column":4},"end":{"line":62,"column":null}},"21":{"start":{"line":64,"column":4},"end":{"line":64,"column":null}}},"fnMap":{"0":{"name":"(anonymous_0)","decl":{"start":{"line":13,"column":35},"end":{"line":13,"column":null}},"loc":{"start":{"line":17,"column":5},"end":{"line":25,"column":null}}},"1":{"name":"(anonymous_1)","decl":{"start":{"line":30,"column":31},"end":{"line":30,"column":null}},"loc":{"start":{"line":34,"column":5},"end":{"line":50,"column":null}}},"2":{"name":"(anonymous_2)","decl":{"start":{"line":55,"column":31},"end":{"line":55,"column":null}},"loc":{"start":{"line":59,"column":5},"end":{"line":66,"column":null}}}},"branchMap":{"0":{"loc":{"start":{"line":42,"column":4},"end":{"line":44,"column":null}},"type":"if","locations":[{"start":{"line":42,"column":4},"end":{"line":44,"column":null}},{"start":{"line":42,"column":4},"end":{"line":44,"column":null}}]}},"s":{"0":3,"1":3,"2":20,"3":20,"4":13,"5":12,"6":8,"7":3,"8":3,"9":3,"10":3,"11":3,"12":3,"13":3,"14":1,"15":2,"16":0,"17":3,"18":3,"19":3,"20":2,"21":1},"f":{"0":20,"1":3,"2":3},"b":{"0":[1,2]}}
,"E:/PROJECTS/Studzee/BACKEND/src/api/controllers/pdf.controller.ts": {"path":"E:/PROJECTS/Studzee/BACKEND/src/api/controllers/pdf.controller.ts","statementMap":{"0":{"start":{"line":8,"column":24},"end":{"line":22,"column":null}},"1":{"start":{"line":9,"column":2},"end":{"line":21,"column":null}},"2":{"start":{"line":10,"column":19},"end":{"line":10,"column":null}},"3":{"start":{"line":11,"column":4},"end":{"line":11,"column":null}},"4":{"start":{"line":13,"column":4},"end":{"line":17,"column":null}},"5":{"start":{"line":14,"column":6},"end":{"line":16,"column":null}},"6":{"start":{"line":18,"column":4},"end":{"line":20,"column":null}}},"fnMap":{"0":{"name":"(anonymous_0)","decl":{"start":{"line":8,"column":24},"end":{"line":8,"column":31}},"loc":{"start":{"line":8,"column":63},"end":{"line":22,"column":null}}}},"branchMap":{"0":{"loc":{"start":{"line":13,"column":4},"end":{"line":17,"column":null}},"type":"if","locations":[{"start":{"line":13,"column":4},"end":{"line":17,"column":null}},{"start":{"line":13,"column":4},"end":{"line":17,"column":null}}]}},"s":{"0":0,"1":0,"2":0,"3":0,"4":0,"5":0,"6":0},"f":{"0":0},"b":{"0":[0,0]}}
,"E:/PROJECTS/Studzee/BACKEND/src/api/controllers/upload.controller.ts": {"path":"E:/PROJECTS/Studzee/BACKEND/src/api/controllers/upload.controller.ts","statementMap":{"0":{"start":{"line":9,"column":35},"end":{"line":70,"column":null}},"1":{"start":{"line":13,"column":2},"end":{"line":69,"column":null}},"2":{"start":{"line":14,"column":19},"end":{"line":14,"column":null}},"3":{"start":{"line":17,"column":4},"end":{"line":30,"column":null}},"4":{"start":{"line":33,"column":4},"end":{"line":39,"column":null}},"5":{"start":{"line":34,"column":6},"end":{"line":34,"column":null}},"6":{"start":{"line":35,"column":6},"end":{"line":38,"column":null}},"7":{"start":{"line":42,"column":19},"end":{"line":47,"column":null}},"8":{"start":{"line":49,"column":4},"end":{"line":52,"column":null}},"9":{"start":{"line":54,"column":4},"end":{"line":64,"column":null}},"10":{"start":{"line":55,"column":6},"end":{"line":60,"column":null}},"11":{"start":{"line":56,"column":8},"end":{"line":59,"column":null}},"12":{"start":{"line":61,"column":6},"end":{"line":63,"column":null}},"13":{"start":{"line":62,"column":8},"end":{"line":62,"column":null}},"14":{"start":{"line":65,"column":4},"end":{"line":65,"column":null}},"15":{"start":{"line":66,"column":4},"end":{"line":68,"column":null}},"16":{"start":{"line":75,"column":33},"end":{"line":105,"column":null}},"17":{"start":{"line":76,"column":2},"end":{"line":104,"column":null}},"18":{"start":{"line":77,"column":19},"end":{"line":77,"column":null}},"19":{"start":{"line":80,"column":4},"end":{"line":82,"column":null}},"20":{"start":{"line":81,"column":6},"end":{"line":81,"column":null}},"21":{"start":{"line":85,"column":19},"end":{"line":90,"column":null}},"22":{"start":{"line":92,"column":4},"end":{"line":95,"column":null}},"23":{"start":{"line":97,"column":4},"end":{"line":99,"column":null}},"24":{"start":{"line":98,"column":6},"end":{"line":98,"column":null}},"25":{"start":{"line":100,"column":4},"end":{"line":100,"column":null}},"26":{"start":{"line":101,"column":4},"end":{"line":103,"column":null}}},"fnMap":{"0":{"name":"(anonymous_0)","decl":{"start":{"line":9,"column":35},"end":{"line":9,"column":null}},"loc":{"start":{"line":12,"column":5},"end":{"line":70,"column":null}}},"1":{"name":"(anonymous_1)","decl":{"start":{"line":75,"column":33},"end":{"line":75,"column":40}},"loc":{"start":{"line":75,"column":78},"end":{"line":105,"column":null}}}},"branchMap":{"0":{"loc":{"start":{"line":22,"column":19},"end":{"line":29,"column":null}},"type":"cond-expr","locations":[{"start":{"line":23,"column":10},"end":{"line":28,"column":null}},{"start":{"line":29,"column":10},"end":{"line":29,"column":null}}]},"1":{"loc":{"start":{"line":33,"column":4},"end":{"line":39,"column":null}},"type":"if","locations":[{"start":{"line":33,"column":4},"end":{"line":39,"column":null}},{"start":{"line":33,"column":4},"end":{"line":39,"column":null}}]},"2":{"loc":{"start":{"line":54,"column":4},"end":{"line":64,"column":null}},"type":"if","locations":[{"start":{"line":54,"column":4},"end":{"line":64,"column":null}},{"start":{"line":54,"column":4},"end":{"line":64,"column":null}}]},"3":{"loc":{"start":{"line":55,"column":6},"end":{"line":60,"column":null}},"type":"if","locations":[{"start":{"line":55,"column":6},"end":{"line":60,"column":null}},{"start":{"line":55,"column":6},"end":{"line":60,"column":null}}]},"4":{"loc":{"start":{"line":61,"column":6},"end":{"line":63,"column":null}},"type":"if","locations":[{"start":{"line":61,"column":6},"end":{"line":63,"column":null}},{"start":{"line":61,"column":6},"end":{"line":63,"column":null}}]},"5":{"loc":{"start":{"line":80,"column":4},"end":{"line":82,"column":null}},"type":"if","locations":[{"start":{"line":80,"column":4},"end":{"line":82,"column":null}},{"start":{"line":80,"column":4},"end":{"line":82,"column":null}}]},"6":{"loc":{"start":{"line":97,"column":4},"end":{"line":99,"column":null}},"type":"if","locations":[{"start":{"line":97,"column":4},"end":{"line":99,"column":null}},{"start":{"line":97,"column":4},"end":{"line":99,"column":null}}]},"7":{"loc":{"start":{"line":97,"column":8},"end":{"line":97,"column":74}},"type":"binary-expr","locations":[{"start":{"line":97,"column":8},"end":{"line":97,"column":34}},{"start":{"line":97,"column":34},"end":{"line":97,"column":74}}]}},"s":{"0":0,"1":0,"2":0,"3":0,"4":0,"5":0,"6":0,"7":0,"8":0,"9":0,"10":0,"11":0,"12":0,"13":0,"14":0,"15":0,"16":0,"17":0,"18":0,"19":0,"20":0,"21":0,"22":0,"23":0,"24":0,"25":0,"26":0},"f":{"0":0,"1":0},"b":{"0":[0,0],"1":[0,0],"2":[0,0],"3":[0,0],"4":[0,0],"5":[0,0],"6":[0,0],"7":[0,0]}}
,"E:/PROJECTS/Studzee/BACKEND/src/api/routes/admin.route.ts": {"path":"E:/PROJECTS/Studzee/BACKEND/src/api/routes/admin.route.ts","statementMap":{"0":{"start":{"line":11,"column":15},"end":{"line":11,"column":null}},"1":{"start":{"line":14,"column":18},"end":{"line":14,"column":null}},"2":{"start":{"line":21,"column":0},"end":{"line":21,"column":null}},"3":{"start":{"line":28,"column":0},"end":{"line":28,"column":null}},"4":{"start":{"line":35,"column":0},"end":{"line":35,"column":null}},"5":{"start":{"line":42,"column":0},"end":{"line":47,"column":null}},"6":{"start":{"line":54,"column":0},"end":{"line":59,"column":null}}},"fnMap":{},"branchMap":{},"s":{"0":0,"1":0,"2":0,"3":0,"4":0,"5":0,"6":0},"f":{},"b":{}}
,"E:/PROJECTS/Studzee/BACKEND/src/api/routes/auth.route.ts": {"path":"E:/PROJECTS/Studzee/BACKEND/src/api/routes/auth.route.ts","statementMap":{"0":{"start":{"line":3,"column":15},"end":{"line":3,"column":null}}},"fnMap":{},"branchMap":{},"s":{"0":0},"f":{},"b":{}}
,"E:/PROJECTS/Studzee/BACKEND/src/api/routes/content.route.ts": {"path":"E:/PROJECTS/Studzee/BACKEND/src/api/routes/content.route.ts","statementMap":{"0":{"start":{"line":5,"column":15},"end":{"line":5,"column":null}},"1":{"start":{"line":12,"column":0},"end":{"line":12,"column":null}},"2":{"start":{"line":19,"column":0},"end":{"line":19,"column":null}},"3":{"start":{"line":26,"column":0},"end":{"line":31,"column":null}}},"fnMap":{},"branchMap":{},"s":{"0":2,"1":2,"2":2,"3":2},"f":{},"b":{}}
,"E:/PROJECTS/Studzee/BACKEND/src/api/routes/health.route.ts": {"path":"E:/PROJECTS/Studzee/BACKEND/src/api/routes/health.route.ts","statementMap":{"0":{"start":{"line":5,"column":15},"end":{"line":5,"column":null}},"1":{"start":{"line":12,"column":0},"end":{"line":14,"column":null}},"2":{"start":{"line":13,"column":2},"end":{"line":13,"column":null}},"3":{"start":{"line":21,"column":0},"end":{"line":43,"column":null}},"4":{"start":{"line":22,"column":2},"end":{"line":42,"column":null}},"5":{"start":{"line":23,"column":20},"end":{"line":23,"column":null}},"6":{"start":{"line":24,"column":23},"end":{"line":24,"column":null}},"7":{"start":{"line":26,"column":4},"end":{"line":31,"column":null}},"8":{"start":{"line":27,"column":6},"end":{"line":30,"column":null}},"9":{"start":{"line":33,"column":4},"end":{"line":39,"column":null}},"10":{"start":{"line":41,"column":4},"end":{"line":41,"column":null}}},"fnMap":{"0":{"name":"(anonymous_0)","decl":{"start":{"line":12,"column":24},"end":{"line":12,"column":25}},"loc":{"start":{"line":12,"column":57},"end":{"line":14,"column":1}}},"1":{"name":"(anonymous_1)","decl":{"start":{"line":21,"column":25},"end":{"line":21,"column":32}},"loc":{"start":{"line":21,"column":64},"end":{"line":43,"column":1}}}},"branchMap":{"0":{"loc":{"start":{"line":26,"column":4},"end":{"line":31,"column":null}},"type":"if","locations":[{"start":{"line":26,"column":4},"end":{"line":31,"column":null}},{"start":{"line":26,"column":4},"end":{"line":31,"column":null}}]},"1":{"loc":{"start":{"line":26,"column":8},"end":{"line":26,"column":31}},"type":"binary-expr","locations":[{"start":{"line":26,"column":8},"end":{"line":26,"column":19}},{"start":{"line":26,"column":19},"end":{"line":26,"column":31}}]},"2":{"loc":{"start":{"line":36,"column":12},"end":{"line":36,"column":null}},"type":"cond-expr","locations":[{"start":{"line":36,"column":22},"end":{"line":36,"column":29}},{"start":{"line":36,"column":29},"end":{"line":36,"column":null}}]},"3":{"loc":{"start":{"line":37,"column":15},"end":{"line":37,"column":null}},"type":"cond-expr","locations":[{"start":{"line":37,"column":28},"end":{"line":37,"column":35}},{"start":{"line":37,"column":35},"end":{"line":37,"column":null}}]}},"s":{"0":0,"1":0,"2":0,"3":0,"4":0,"5":0,"6":0,"7":0,"8":0,"9":0,"10":0},"f":{"0":0,"1":0},"b":{"0":[0,0],"1":[0,0],"2":[0,0],"3":[0,0]}}
,"E:/PROJECTS/Studzee/BACKEND/src/api/routes/healthcheck.route.ts": {"path":"E:/PROJECTS/Studzee/BACKEND/src/api/routes/healthcheck.route.ts","statementMap":{"0":{"start":{"line":3,"column":15},"end":{"line":3,"column":null}},"1":{"start":{"line":10,"column":0},"end":{"line":12,"column":null}},"2":{"start":{"line":11,"column":2},"end":{"line":11,"column":null}}},"fnMap":{"0":{"name":"(anonymous_0)","decl":{"start":{"line":10,"column":27},"end":{"line":10,"column":28}},"loc":{"start":{"line":10,"column":61},"end":{"line":12,"column":1}}}},"branchMap":{},"s":{"0":0,"1":0,"2":0},"f":{"0":0},"b":{}}
,"E:/PROJECTS/Studzee/BACKEND/src/api/routes/pdf.route.ts": {"path":"E:/PROJECTS/Studzee/BACKEND/src/api/routes/pdf.route.ts","statementMap":{"0":{"start":{"line":4,"column":15},"end":{"line":4,"column":null}},"1":{"start":{"line":11,"column":0},"end":{"line":11,"column":null}}},"fnMap":{},"branchMap":{},"s":{"0":0,"1":0},"f":{},"b":{}}
,"E:/PROJECTS/Studzee/BACKEND/src/cli/seeds/seed.ts": {"path":"E:/PROJECTS/Studzee/BACKEND/src/cli/seeds/seed.ts","statementMap":{"0":{"start":{"line":8,"column":21},"end":{"line":44,"column":null}},"1":{"start":{"line":9,"column":2},"end":{"line":9,"column":null}},"2":{"start":{"line":10,"column":2},"end":{"line":10,"column":null}},"3":{"start":{"line":12,"column":2},"end":{"line":43,"column":null}},"4":{"start":{"line":14,"column":4},"end":{"line":14,"column":null}},"5":{"start":{"line":15,"column":4},"end":{"line":15,"column":null}},"6":{"start":{"line":18,"column":21},"end":{"line":18,"column":null}},"7":{"start":{"line":19,"column":23},"end":{"line":19,"column":null}},"8":{"start":{"line":22,"column":4},"end":{"line":22,"column":null}},"9":{"start":{"line":23,"column":23},"end":{"line":23,"column":null}},"10":{"start":{"line":24,"column":4},"end":{"line":35,"column":null}},"11":{"start":{"line":25,"column":25},"end":{"line":25,"column":null}},"12":{"start":{"line":26,"column":6},"end":{"line":34,"column":null}},"13":{"start":{"line":27,"column":8},"end":{"line":27,"column":null}},"14":{"start":{"line":28,"column":8},"end":{"line":28,"column":null}},"15":{"start":{"line":30,"column":8},"end":{"line":33,"column":null}},"16":{"start":{"line":36,"column":4},"end":{"line":36,"column":null}},"17":{"start":{"line":38,"column":4},"end":{"line":38,"column":null}},"18":{"start":{"line":39,"column":4},"end":{"line":39,"column":null}},"19":{"start":{"line":41,"column":4},"end":{"line":41,"column":null}},"20":{"start":{"line":42,"column":4},"end":{"line":42,"column":null}},"21":{"start":{"line":46,"column":0},"end":{"line":46,"column":null}}},"fnMap":{"0":{"name":"(anonymous_0)","decl":{"start":{"line":8,"column":21},"end":{"line":8,"column":33}},"loc":{"start":{"line":8,"column":33},"end":{"line":44,"column":null}}}},"branchMap":{"0":{"loc":{"start":{"line":26,"column":6},"end":{"line":34,"column":null}},"type":"if","locations":[{"start":{"line":26,"column":6},"end":{"line":34,"column":null}},{"start":{"line":29,"column":13},"end":{"line":34,"column":null}}]}},"s":{"0":0,"1":0,"2":0,"3":0,"4":0,"5":0,"6":0,"7":0,"8":0,"9":0,"10":0,"11":0,"12":0,"13":0,"14":0,"15":0,"16":0,"17":0,"18":0,"19":0,"20":0,"21":0},"f":{"0":0},"b":{"0":[0,0]}}
,"E:/PROJECTS/Studzee/BACKEND/src/cli/seeds/today.seed.ts": {"path":"E:/PROJECTS/Studzee/BACKEND/src/cli/seeds/today.seed.ts","statementMap":{"0":{"start":{"line":18,"column":25},"end":{"line":25,"column":null}},"1":{"start":{"line":19,"column":2},"end":{"line":24,"column":null}},"2":{"start":{"line":30,"column":30},"end":{"line":168,"column":null}},"3":{"start":{"line":31,"column":2},"end":{"line":31,"column":null}},"4":{"start":{"line":34,"column":2},"end":{"line":34,"column":null}},"5":{"start":{"line":35,"column":2},"end":{"line":35,"column":null}},"6":{"start":{"line":37,"column":2},"end":{"line":167,"column":null}},"7":{"start":{"line":39,"column":4},"end":{"line":39,"column":null}},"8":{"start":{"line":42,"column":21},"end":{"line":42,"column":null}},"9":{"start":{"line":43,"column":23},"end":{"line":43,"column":null}},"10":{"start":{"line":46,"column":22},"end":{"line":46,"column":null}},"11":{"start":{"line":47,"column":20},"end":{"line":47,"column":null}},"12":{"start":{"line":50,"column":4},"end":{"line":52,"column":null}},"13":{"start":{"line":51,"column":6},"end":{"line":51,"column":null}},"14":{"start":{"line":53,"column":4},"end":{"line":55,"column":null}},"15":{"start":{"line":54,"column":6},"end":{"line":54,"column":null}},"16":{"start":{"line":57,"column":4},"end":{"line":57,"column":null}},"17":{"start":{"line":59,"column":23},"end":{"line":59,"column":null}},"18":{"start":{"line":61,"column":4},"end":{"line":150,"column":null}},"19":{"start":{"line":61,"column":21},"end":{"line":61,"column":24}},"20":{"start":{"line":62,"column":18},"end":{"line":62,"column":null}},"21":{"start":{"line":63,"column":24},"end":{"line":63,"column":null}},"22":{"start":{"line":65,"column":6},"end":{"line":67,"column":null}},"23":{"start":{"line":69,"column":6},"end":{"line":149,"column":null}},"24":{"start":{"line":71,"column":27},"end":{"line":71,"column":null}},"25":{"start":{"line":72,"column":8},"end":{"line":78,"column":null}},"26":{"start":{"line":73,"column":10},"end":{"line":76,"column":null}},"27":{"start":{"line":77,"column":10},"end":{"line":77,"column":null}},"28":{"start":{"line":81,"column":25},"end":{"line":81,"column":null}},"29":{"start":{"line":82,"column":27},"end":{"line":82,"column":null}},"30":{"start":{"line":84,"column":8},"end":{"line":84,"column":null}},"31":{"start":{"line":87,"column":8},"end":{"line":106,"column":null}},"32":{"start":{"line":88,"column":10},"end":{"line":88,"column":null}},"33":{"start":{"line":89,"column":30},"end":{"line":89,"column":null}},"34":{"start":{"line":92,"column":36},"end":{"line":97,"column":null}},"35":{"start":{"line":99,"column":10},"end":{"line":99,"column":null}},"36":{"start":{"line":102,"column":10},"end":{"line":102,"column":null}},"37":{"start":{"line":104,"column":10},"end":{"line":104,"column":null}},"38":{"start":{"line":109,"column":8},"end":{"line":140,"column":null}},"39":{"start":{"line":110,"column":10},"end":{"line":110,"column":null}},"40":{"start":{"line":111,"column":28},"end":{"line":111,"column":null}},"41":{"start":{"line":113,"column":33},"end":{"line":113,"column":null}},"42":{"start":{"line":118,"column":14},"end":{"line":124,"column":null}},"43":{"start":{"line":126,"column":10},"end":{"line":126,"column":null}},"44":{"start":{"line":129,"column":10},"end":{"line":136,"column":null}},"45":{"start":{"line":138,"column":10},"end":{"line":138,"column":null}},"46":{"start":{"line":143,"column":8},"end":{"line":143,"column":null}},"47":{"start":{"line":144,"column":8},"end":{"line":144,"column":null}},"48":{"start":{"line":146,"column":8},"end":{"line":146,"column":null}},"49":{"start":{"line":148,"column":8},"end":{"line":148,"column":null}},"50":{"start":{"line":152,"column":4},"end":{"line":154,"column":null}},"51":{"start":{"line":157,"column":4},"end":{"line":157,"column":null}},"52":{"start":{"line":158,"column":4},"end":{"line":158,"column":null}},"53":{"start":{"line":159,"column":4},"end":{"line":159,"column":null}},"54":{"start":{"line":161,"column":4},"end":{"line":161,"column":null}},"55":{"start":{"line":162,"column":4},"end":{"line":162,"column":null}},"56":{"start":{"line":164,"column":4},"end":{"line":164,"column":null}},"57":{"start":{"line":165,"column":4},"end":{"line":165,"column":null}},"58":{"start":{"line":166,"column":4},"end":{"line":166,"column":null}},"59":{"start":{"line":171,"column":0},"end":{"line":171,"column":null}}},"fnMap":{"0":{"name":"(anonymous_0)","decl":{"start":{"line":18,"column":25},"end":{"line":18,"column":26}},"loc":{"start":{"line":18,"column":55},"end":{"line":25,"column":null}}},"1":{"name":"(anonymous_1)","decl":{"start":{"line":30,"column":30},"end":{"line":30,"column":42}},"loc":{"start":{"line":30,"column":42},"end":{"line":168,"column":null}}}},"branchMap":{"0":{"loc":{"start":{"line":50,"column":4},"end":{"line":52,"column":null}},"type":"if","locations":[{"start":{"line":50,"column":4},"end":{"line":52,"column":null}},{"start":{"line":50,"column":4},"end":{"line":52,"column":null}}]},"1":{"loc":{"start":{"line":53,"column":4},"end":{"line":55,"column":null}},"type":"if","locations":[{"start":{"line":53,"column":4},"end":{"line":55,"column":null}},{"start":{"line":53,"column":4},"end":{"line":55,"column":null}}]},"2":{"loc":{"start":{"line":72,"column":8},"end":{"line":78,"column":null}},"type":"if","locations":[{"start":{"line":72,"column":8},"end":{"line":78,"column":null}},{"start":{"line":72,"column":8},"end":{"line":78,"column":null}}]}},"s":{"0":0,"1":0,"2":0,"3":0,"4":0,"5":0,"6":0,"7":0,"8":0,"9":0,"10":0,"11":0,"12":0,"13":0,"14":0,"15":0,"16":0,"17":0,"18":0,"19":0,"20":0,"21":0,"22":0,"23":0,"24":0,"25":0,"26":0,"27":0,"28":0,"29":0,"30":0,"31":0,"32":0,"33":0,"34":0,"35":0,"36":0,"37":0,"38":0,"39":0,"40":0,"41":0,"42":0,"43":0,"44":0,"45":0,"46":0,"47":0,"48":0,"49":0,"50":0,"51":0,"52":0,"53":0,"54":0,"55":0,"56":0,"57":0,"58":0,"59":0},"f":{"0":0,"1":0},"b":{"0":[0,0],"1":[0,0],"2":[0,0]}}
,"E:/PROJECTS/Studzee/BACKEND/src/cli/tools/run-job.ts": {"path":"E:/PROJECTS/Studzee/BACKEND/src/cli/tools/run-job.ts","statementMap":{"0":{"start":{"line":10,"column":12},"end":{"line":24,"column":null}},"1":{"start":{"line":11,"column":2},"end":{"line":11,"column":null}},"2":{"start":{"line":12,"column":2},"end":{"line":12,"column":null}},"3":{"start":{"line":13,"column":2},"end":{"line":13,"column":null}},"4":{"start":{"line":15,"column":2},"end":{"line":15,"column":null}},"5":{"start":{"line":16,"column":2},"end":{"line":16,"column":null}},"6":{"start":{"line":18,"column":2},"end":{"line":18,"column":null}},"7":{"start":{"line":19,"column":2},"end":{"line":19,"column":null}},"8":{"start":{"line":20,"column":2},"end":{"line":20,"column":null}},"9":{"start":{"line":22,"column":2},"end":{"line":22,"column":null}},"10":{"start":{"line":23,"column":2},"end":{"line":23,"column":null}},"11":{"start":{"line":26,"column":0},"end":{"line":29,"column":null}},"12":{"start":{"line":27,"column":2},"end":{"line":27,"column":null}},"13":{"start":{"line":28,"column":2},"end":{"line":28,"column":null}}},"fnMap":{"0":{"name":"(anonymous_0)","decl":{"start":{"line":10,"column":12},"end":{"line":10,"column":24}},"loc":{"start":{"line":10,"column":24},"end":{"line":24,"column":null}}},"1":{"name":"(anonymous_1)","decl":{"start":{"line":26,"column":12},"end":{"line":26,"column":13}},"loc":{"start":{"line":26,"column":21},"end":{"line":29,"column":1}}}},"branchMap":{},"s":{"0":0,"1":0,"2":0,"3":0,"4":0,"5":0,"6":0,"7":0,"8":0,"9":0,"10":0,"11":0,"12":0,"13":0},"f":{"0":0,"1":0},"b":{}}
,"E:/PROJECTS/Studzee/BACKEND/src/config/index.ts": {"path":"E:/PROJECTS/Studzee/BACKEND/src/config/index.ts","statementMap":{"0":{"start":{"line":5,"column":0},"end":{"line":5,"column":null}},"1":{"start":{"line":7,"column":21},"end":{"line":27,"column":null}},"2":{"start":{"line":29,"column":21},"end":{"line":29,"column":null}},"3":{"start":{"line":31,"column":0},"end":{"line":37,"column":null}},"4":{"start":{"line":32,"column":2},"end":{"line":35,"column":null}},"5":{"start":{"line":36,"column":2},"end":{"line":36,"column":null}},"6":{"start":{"line":39,"column":22},"end":{"line":39,"column":null}}},"fnMap":{},"branchMap":{"0":{"loc":{"start":{"line":31,"column":0},"end":{"line":37,"column":null}},"type":"if","locations":[{"start":{"line":31,"column":0},"end":{"line":37,"column":null}},{"start":{"line":31,"column":0},"end":{"line":37,"column":null}}]}},"s":{"0":2,"1":2,"2":2,"3":2,"4":0,"5":0,"6":2},"f":{},"b":{"0":[0,2]}}
,"E:/PROJECTS/Studzee/BACKEND/src/config/mongo.ts": {"path":"E:/PROJECTS/Studzee/BACKEND/src/config/mongo.ts","statementMap":{"0":{"start":{"line":5,"column":18},"end":{"line":5,"column":null}},"1":{"start":{"line":7,"column":25},"end":{"line":21,"column":null}},"2":{"start":{"line":8,"column":2},"end":{"line":11,"column":null}},"3":{"start":{"line":9,"column":4},"end":{"line":9,"column":null}},"4":{"start":{"line":10,"column":4},"end":{"line":10,"column":null}},"5":{"start":{"line":13,"column":2},"end":{"line":20,"column":null}},"6":{"start":{"line":14,"column":4},"end":{"line":14,"column":null}},"7":{"start":{"line":15,"column":4},"end":{"line":15,"column":null}},"8":{"start":{"line":16,"column":4},"end":{"line":16,"column":null}},"9":{"start":{"line":18,"column":4},"end":{"line":18,"column":null}},"10":{"start":{"line":19,"column":4},"end":{"line":19,"column":null}},"11":{"start":{"line":23,"column":28},"end":{"line":30,"column":null}},"12":{"start":{"line":24,"column":2},"end":{"line":26,"column":null}},"13":{"start":{"line":25,"column":4},"end":{"line":25,"column":null}},"14":{"start":{"line":27,"column":2},"end":{"line":27,"column":null}},"15":{"start":{"line":28,"column":2},"end":{"line":28,"column":null}},"16":{"start":{"line":29,"column":2},"end":{"line":29,"column":null}}},"fnMap":{"0":{"name":"(anonymous_0)","decl":{"start":{"line":7,"column":25},"end":{"line":7,"column":37}},"loc":{"start":{"line":7,"column":37},"end":{"line":21,"column":null}}},"1":{"name":"(anonymous_1)","decl":{"start":{"line":23,"column":28},"end":{"line":23,"column":40}},"loc":{"start":{"line":23,"column":40},"end":{"line":30,"column":null}}}},"branchMap":{"0":{"loc":{"start":{"line":8,"column":2},"end":{"line":11,"column":null}},"type":"if","locations":[{"start":{"line":8,"column":2},"end":{"line":11,"column":null}},{"start":{"line":8,"column":2},"end":{"line":11,"column":null}}]},"1":{"loc":{"start":{"line":24,"column":2},"end":{"line":26,"column":null}},"type":"if","locations":[{"start":{"line":24,"column":2},"end":{"line":26,"column":null}},{"start":{"line":24,"column":2},"end":{"line":26,"column":null}}]}},"s":{"0":2,"1":2,"2":1,"3":0,"4":0,"5":1,"6":1,"7":1,"8":1,"9":0,"10":0,"11":2,"12":1,"13":0,"14":1,"15":1,"16":1},"f":{"0":1,"1":1},"b":{"0":[0,1],"1":[0,1]}}
,"E:/PROJECTS/Studzee/BACKEND/src/config/redis.ts": {"path":"E:/PROJECTS/Studzee/BACKEND/src/config/redis.ts","statementMap":{"0":{"start":{"line":5,"column":27},"end":{"line":7,"column":null}},"1":{"start":{"line":9,"column":0},"end":{"line":9,"column":null}},"2":{"start":{"line":9,"column":33},"end":{"line":9,"column":79}},"3":{"start":{"line":10,"column":0},"end":{"line":12,"column":null}},"4":{"start":{"line":11,"column":2},"end":{"line":11,"column":null}},"5":{"start":{"line":14,"column":28},"end":{"line":18,"column":null}},"6":{"start":{"line":15,"column":2},"end":{"line":17,"column":null}},"7":{"start":{"line":16,"column":4},"end":{"line":16,"column":null}},"8":{"start":{"line":20,"column":31},"end":{"line":24,"column":null}},"9":{"start":{"line":21,"column":2},"end":{"line":23,"column":null}},"10":{"start":{"line":22,"column":4},"end":{"line":22,"column":null}}},"fnMap":{"0":{"name":"(anonymous_0)","decl":{"start":{"line":9,"column":24},"end":{"line":9,"column":25}},"loc":{"start":{"line":9,"column":33},"end":{"line":9,"column":79}}},"1":{"name":"(anonymous_1)","decl":{"start":{"line":10,"column":26},"end":{"line":10,"column":null}},"loc":{"start":{"line":11,"column":2},"end":{"line":11,"column":null}}},"2":{"name":"(anonymous_2)","decl":{"start":{"line":14,"column":28},"end":{"line":14,"column":40}},"loc":{"start":{"line":14,"column":40},"end":{"line":18,"column":null}}},"3":{"name":"(anonymous_3)","decl":{"start":{"line":20,"column":31},"end":{"line":20,"column":43}},"loc":{"start":{"line":20,"column":43},"end":{"line":24,"column":null}}}},"branchMap":{"0":{"loc":{"start":{"line":15,"column":2},"end":{"line":17,"column":null}},"type":"if","locations":[{"start":{"line":15,"column":2},"end":{"line":17,"column":null}},{"start":{"line":15,"column":2},"end":{"line":17,"column":null}}]},"1":{"loc":{"start":{"line":21,"column":2},"end":{"line":23,"column":null}},"type":"if","locations":[{"start":{"line":21,"column":2},"end":{"line":23,"column":null}},{"start":{"line":21,"column":2},"end":{"line":23,"column":null}}]}},"s":{"0":2,"1":2,"2":0,"3":2,"4":1,"5":2,"6":1,"7":1,"8":2,"9":1,"10":1},"f":{"0":0,"1":1,"2":1,"3":1},"b":{"0":[1,0],"1":[1,0]}}
,"E:/PROJECTS/Studzee/BACKEND/src/config/s3.ts": {"path":"E:/PROJECTS/Studzee/BACKEND/src/config/s3.ts","statementMap":{"0":{"start":{"line":11,"column":17},"end":{"line":21,"column":null}},"1":{"start":{"line":23,"column":0},"end":{"line":26,"column":null}},"2":{"start":{"line":39,"column":26},"end":{"line":103,"column":null}},"3":{"start":{"line":52,"column":2},"end":{"line":102,"column":null}},"4":{"start":{"line":54,"column":16},"end":{"line":54,"column":null}},"5":{"start":{"line":56,"column":4},"end":{"line":62,"column":null}},"6":{"start":{"line":65,"column":48},"end":{"line":70,"column":null}},"7":{"start":{"line":73,"column":20},"end":{"line":73,"column":null}},"8":{"start":{"line":74,"column":4},"end":{"line":74,"column":null}},"9":{"start":{"line":77,"column":16},"end":{"line":77,"column":null}},"10":{"start":{"line":79,"column":23},"end":{"line":79,"column":null}},"11":{"start":{"line":80,"column":17},"end":{"line":80,"column":null}},"12":{"start":{"line":82,"column":4},"end":{"line":87,"column":null}},"13":{"start":{"line":89,"column":4},"end":{"line":95,"column":null}},"14":{"start":{"line":97,"column":4},"end":{"line":100,"column":null}},"15":{"start":{"line":101,"column":4},"end":{"line":101,"column":null}},"16":{"start":{"line":109,"column":28},"end":{"line":125,"column":null}},"17":{"start":{"line":110,"column":2},"end":{"line":124,"column":null}},"18":{"start":{"line":111,"column":4},"end":{"line":111,"column":null}},"19":{"start":{"line":113,"column":20},"end":{"line":116,"column":null}},"20":{"start":{"line":118,"column":4},"end":{"line":118,"column":null}},"21":{"start":{"line":120,"column":4},"end":{"line":120,"column":null}},"22":{"start":{"line":122,"column":4},"end":{"line":122,"column":null}},"23":{"start":{"line":123,"column":4},"end":{"line":123,"column":null}},"24":{"start":{"line":132,"column":29},"end":{"line":146,"column":null}},"25":{"start":{"line":133,"column":2},"end":{"line":145,"column":null}},"26":{"start":{"line":136,"column":19},"end":{"line":136,"column":null}},"27":{"start":{"line":138,"column":16},"end":{"line":138,"column":null}},"28":{"start":{"line":140,"column":4},"end":{"line":140,"column":null}},"29":{"start":{"line":141,"column":4},"end":{"line":141,"column":null}},"30":{"start":{"line":143,"column":4},"end":{"line":143,"column":null}},"31":{"start":{"line":144,"column":4},"end":{"line":144,"column":null}}},"fnMap":{"0":{"name":"(anonymous_0)","decl":{"start":{"line":39,"column":26},"end":{"line":39,"column":null}},"loc":{"start":{"line":51,"column":6},"end":{"line":103,"column":null}}},"1":{"name":"(anonymous_1)","decl":{"start":{"line":109,"column":28},"end":{"line":109,"column":35}},"loc":{"start":{"line":109,"column":66},"end":{"line":125,"column":null}}},"2":{"name":"(anonymous_2)","decl":{"start":{"line":132,"column":29},"end":{"line":132,"column":30}},"loc":{"start":{"line":132,"column":54},"end":{"line":146,"column":null}}}},"branchMap":{"0":{"loc":{"start":{"line":13,"column":6},"end":{"line":16,"column":null}},"type":"binary-expr","locations":[{"start":{"line":13,"column":6},"end":{"line":13,"column":43}},{"start":{"line":13,"column":43},"end":{"line":16,"column":null}}]}},"s":{"0":2,"1":2,"2":2,"3":0,"4":0,"5":0,"6":0,"7":0,"8":0,"9":0,"10":0,"11":0,"12":0,"13":0,"14":0,"15":0,"16":2,"17":0,"18":0,"19":0,"20":0,"21":0,"22":0,"23":0,"24":2,"25":0,"26":0,"27":0,"28":0,"29":0,"30":0,"31":0},"f":{"0":0,"1":0,"2":0},"b":{"0":[2,0]}}
,"E:/PROJECTS/Studzee/BACKEND/src/jobs/cache-refresh.ts": {"path":"E:/PROJECTS/Studzee/BACKEND/src/jobs/cache-refresh.ts","statementMap":{"0":{"start":{"line":7,"column":27},"end":{"line":7,"column":null}},"1":{"start":{"line":9,"column":31},"end":{"line":45,"column":null}},"2":{"start":{"line":10,"column":2},"end":{"line":10,"column":null}},"3":{"start":{"line":12,"column":16},"end":{"line":12,"column":null}},"4":{"start":{"line":13,"column":23},"end":{"line":13,"column":null}},"5":{"start":{"line":15,"column":2},"end":{"line":18,"column":null}},"6":{"start":{"line":16,"column":4},"end":{"line":16,"column":null}},"7":{"start":{"line":17,"column":4},"end":{"line":17,"column":null}},"8":{"start":{"line":20,"column":2},"end":{"line":20,"column":null}},"9":{"start":{"line":22,"column":2},"end":{"line":32,"column":null}},"10":{"start":{"line":23,"column":21},"end":{"line":23,"column":null}},"11":{"start":{"line":24,"column":4},"end":{"line":31,"column":null}},"12":{"start":{"line":25,"column":6},"end":{"line":27,"column":null}},"13":{"start":{"line":28,"column":6},"end":{"line":28,"column":null}},"14":{"start":{"line":30,"column":6},"end":{"line":30,"column":null}},"15":{"start":{"line":35,"column":28},"end":{"line":35,"column":null}},"16":{"start":{"line":36,"column":2},"end":{"line":41,"column":null}},"17":{"start":{"line":37,"column":4},"end":{"line":37,"column":null}},"18":{"start":{"line":38,"column":4},"end":{"line":38,"column":null}},"19":{"start":{"line":40,"column":4},"end":{"line":40,"column":null}},"20":{"start":{"line":43,"column":2},"end":{"line":43,"column":null}},"21":{"start":{"line":44,"column":2},"end":{"line":44,"column":null}},"22":{"start":{"line":47,"column":28},"end":{"line":54,"column":null}},"23":{"start":{"line":48,"column":2},"end":{"line":52,"column":null}},"24":{"start":{"line":53,"column":2},"end":{"line":53,"column":null}}},"fnMap":{"0":{"name":"(anonymous_0)","decl":{"start":{"line":9,"column":31},"end":{"line":9,"column":43}},"loc":{"start":{"line":9,"column":43},"end":{"line":45,"column":null}}},"1":{"name":"(anonymous_1)","decl":{"start":{"line":47,"column":28},"end":{"line":47,"column":34}},"loc":{"start":{"line":47,"column":34},"end":{"line":54,"column":null}}}},"branchMap":{"0":{"loc":{"start":{"line":12,"column":16},"end":{"line":12,"column":null}},"type":"cond-expr","locations":[{"start":{"line":12,"column":26},"end":{"line":12,"column":60}},{"start":{"line":12,"column":60},"end":{"line":12,"column":null}}]},"1":{"loc":{"start":{"line":15,"column":2},"end":{"line":18,"column":null}},"type":"if","locations":[{"start":{"line":15,"column":2},"end":{"line":18,"column":null}},{"start":{"line":15,"column":2},"end":{"line":18,"column":null}}]}},"s":{"0":0,"1":0,"2":0,"3":0,"4":0,"5":0,"6":0,"7":0,"8":0,"9":0,"10":0,"11":0,"12":0,"13":0,"14":0,"15":0,"16":0,"17":0,"18":0,"19":0,"20":0,"21":0,"22":0,"23":0,"24":0},"f":{"0":0,"1":0},"b":{"0":[0,0],"1":[0,0]}}
,"E:/PROJECTS/Studzee/BACKEND/src/jobs/heartbeat.ts": {"path":"E:/PROJECTS/Studzee/BACKEND/src/jobs/heartbeat.ts","statementMap":{"0":{"start":{"line":6,"column":33},"end":{"line":31,"column":null}},"1":{"start":{"line":7,"column":2},"end":{"line":10,"column":null}},"2":{"start":{"line":8,"column":4},"end":{"line":8,"column":null}},"3":{"start":{"line":9,"column":4},"end":{"line":9,"column":null}},"4":{"start":{"line":12,"column":20},"end":{"line":12,"column":null}},"5":{"start":{"line":14,"column":2},"end":{"line":17,"column":null}},"6":{"start":{"line":15,"column":4},"end":{"line":15,"column":null}},"7":{"start":{"line":16,"column":4},"end":{"line":16,"column":null}},"8":{"start":{"line":19,"column":2},"end":{"line":19,"column":null}},"9":{"start":{"line":21,"column":2},"end":{"line":30,"column":null}},"10":{"start":{"line":22,"column":4},"end":{"line":22,"column":null}},"11":{"start":{"line":23,"column":4},"end":{"line":29,"column":null}},"12":{"start":{"line":24,"column":23},"end":{"line":24,"column":null}},"13":{"start":{"line":25,"column":6},"end":{"line":25,"column":null}},"14":{"start":{"line":28,"column":6},"end":{"line":28,"column":null}}},"fnMap":{"0":{"name":"(anonymous_0)","decl":{"start":{"line":6,"column":33},"end":{"line":6,"column":39}},"loc":{"start":{"line":6,"column":39},"end":{"line":31,"column":null}}},"1":{"name":"(anonymous_1)","decl":{"start":{"line":21,"column":32},"end":{"line":21,"column":44}},"loc":{"start":{"line":21,"column":44},"end":{"line":30,"column":3}}}},"branchMap":{"0":{"loc":{"start":{"line":7,"column":2},"end":{"line":10,"column":null}},"type":"if","locations":[{"start":{"line":7,"column":2},"end":{"line":10,"column":null}},{"start":{"line":7,"column":2},"end":{"line":10,"column":null}}]},"1":{"loc":{"start":{"line":14,"column":2},"end":{"line":17,"column":null}},"type":"if","locations":[{"start":{"line":14,"column":2},"end":{"line":17,"column":null}},{"start":{"line":14,"column":2},"end":{"line":17,"column":null}}]}},"s":{"0":0,"1":0,"2":0,"3":0,"4":0,"5":0,"6":0,"7":0,"8":0,"9":0,"10":0,"11":0,"12":0,"13":0,"14":0},"f":{"0":0,"1":0},"b":{"0":[0,0],"1":[0,0]}}
,"E:/PROJECTS/Studzee/BACKEND/src/middleware/auth.ts": {"path":"E:/PROJECTS/Studzee/BACKEND/src/middleware/auth.ts","statementMap":{"0":{"start":{"line":7,"column":26},"end":{"line":7,"column":null}},"1":{"start":{"line":12,"column":35},"end":{"line":35,"column":null}},"2":{"start":{"line":17,"column":2},"end":{"line":31,"column":null}},"3":{"start":{"line":19,"column":23},"end":{"line":19,"column":null}},"4":{"start":{"line":20,"column":18},"end":{"line":20,"column":null}},"5":{"start":{"line":22,"column":4},"end":{"line":30,"column":null}},"6":{"start":{"line":23,"column":6},"end":{"line":23,"column":null}},"7":{"start":{"line":26,"column":8},"end":{"line":28,"column":null}},"8":{"start":{"line":26,"column":34},"end":{"line":28,"column":null}},"9":{"start":{"line":29,"column":6},"end":{"line":29,"column":null}},"10":{"start":{"line":34,"column":2},"end":{"line":34,"column":null}},"11":{"start":{"line":40,"column":27},"end":{"line":49,"column":null}},"12":{"start":{"line":45,"column":2},"end":{"line":47,"column":null}},"13":{"start":{"line":46,"column":4},"end":{"line":46,"column":null}},"14":{"start":{"line":48,"column":2},"end":{"line":48,"column":null}},"15":{"start":{"line":54,"column":28},"end":{"line":89,"column":null}},"16":{"start":{"line":59,"column":2},"end":{"line":88,"column":null}},"17":{"start":{"line":60,"column":19},"end":{"line":60,"column":null}},"18":{"start":{"line":61,"column":4},"end":{"line":61,"column":null}},"19":{"start":{"line":62,"column":4},"end":{"line":62,"column":null}},"20":{"start":{"line":62,"column":17},"end":{"line":62,"column":null}},"21":{"start":{"line":65,"column":4},"end":{"line":70,"column":null}},"22":{"start":{"line":66,"column":6},"end":{"line":66,"column":null}},"23":{"start":{"line":68,"column":8},"end":{"line":68,"column":null}},"24":{"start":{"line":69,"column":6},"end":{"line":69,"column":null}},"25":{"start":{"line":73,"column":17},"end":{"line":73,"column":null}},"26":{"start":{"line":75,"column":17},"end":{"line":75,"column":null}},"27":{"start":{"line":77,"column":4},"end":{"line":79,"column":null}},"28":{"start":{"line":78,"column":6},"end":{"line":78,"column":null}},"29":{"start":{"line":83,"column":6},"end":{"line":83,"column":null}},"30":{"start":{"line":84,"column":4},"end":{"line":84,"column":null}},"31":{"start":{"line":86,"column":4},"end":{"line":86,"column":null}},"32":{"start":{"line":87,"column":4},"end":{"line":87,"column":null}}},"fnMap":{"0":{"name":"(anonymous_0)","decl":{"start":{"line":12,"column":35},"end":{"line":12,"column":null}},"loc":{"start":{"line":16,"column":5},"end":{"line":35,"column":null}}},"1":{"name":"(anonymous_1)","decl":{"start":{"line":26,"column":27},"end":{"line":26,"column":34}},"loc":{"start":{"line":26,"column":34},"end":{"line":28,"column":null}}},"2":{"name":"(anonymous_2)","decl":{"start":{"line":40,"column":27},"end":{"line":40,"column":null}},"loc":{"start":{"line":44,"column":5},"end":{"line":49,"column":null}}},"3":{"name":"(anonymous_3)","decl":{"start":{"line":54,"column":28},"end":{"line":54,"column":null}},"loc":{"start":{"line":58,"column":5},"end":{"line":89,"column":null}}}},"branchMap":{"0":{"loc":{"start":{"line":17,"column":2},"end":{"line":31,"column":null}},"type":"if","locations":[{"start":{"line":17,"column":2},"end":{"line":31,"column":null}},{"start":{"line":17,"column":2},"end":{"line":31,"column":null}}]},"1":{"loc":{"start":{"line":17,"column":6},"end":{"line":17,"column":45}},"type":"binary-expr","locations":[{"start":{"line":17,"column":6},"end":{"line":17,"column":27}},{"start":{"line":17,"column":27},"end":{"line":17,"column":45}}]},"2":{"loc":{"start":{"line":22,"column":4},"end":{"line":30,"column":null}},"type":"if","locations":[{"start":{"line":22,"column":4},"end":{"line":30,"column":null}},{"start":{"line":22,"column":4},"end":{"line":30,"column":null}}]},"3":{"loc":{"start":{"line":45,"column":2},"end":{"line":47,"column":null}},"type":"if","locations":[{"start":{"line":45,"column":2},"end":{"line":47,"column":null}},{"start":{"line":45,"column":2},"end":{"line":47,"column":null}}]},"4":{"loc":{"start":{"line":62,"column":4},"end":{"line":62,"column":null}},"type":"if","locations":[{"start":{"line":62,"column":4},"end":{"line":62,"column":null}},{"start":{"line":62,"column":4},"end":{"line":62,"column":null}}]},"5":{"loc":{"start":{"line":65,"column":4},"end":{"line":70,"column":null}},"type":"if","locations":[{"start":{"line":65,"column":4},"end":{"line":70,"column":null}},{"start":{"line":65,"column":4},"end":{"line":70,"column":null}}]},"6":{"loc":{"start":{"line":65,"column":8},"end":{"line":65,"column":75}},"type":"binary-expr","locations":[{"start":{"line":65,"column":8},"end":{"line":65,"column":29}},{"start":{"line":65,"column":29},"end":{"line":65,"column":49}},{"start":{"line":65,"column":49},"end":{"line":65,"column":75}}]},"7":{"loc":{"start":{"line":77,"column":4},"end":{"line":79,"column":null}},"type":"if","locations":[{"start":{"line":77,"column":4},"end":{"line":79,"column":null}},{"start":{"line":77,"column":4},"end":{"line":79,"column":null}}]}},"s":{"0":2,"1":2,"2":1,"3":0,"4":0,"5":0,"6":0,"7":0,"8":0,"9":0,"10":1,"11":2,"12":1,"13":1,"14":0,"15":2,"16":0,"17":0,"18":0,"19":0,"20":0,"21":0,"22":0,"23":0,"24":0,"25":0,"26":0,"27":0,"28":0,"29":0,"30":0,"31":0,"32":0},"f":{"0":1,"1":0,"2":1,"3":0},"b":{"0":[0,1],"1":[1,0],"2":[0,0],"3":[1,0],"4":[0,0],"5":[0,0],"6":[0,0,0],"7":[0,0]}}
,"E:/PROJECTS/Studzee/BACKEND/src/middleware/errorHandler.ts": {"path":"E:/PROJECTS/Studzee/BACKEND/src/middleware/errorHandler.ts","statementMap":{"0":{"start":{"line":8,"column":31},"end":{"line":16,"column":null}},"1":{"start":{"line":13,"column":26},"end":{"line":13,"column":null}},"2":{"start":{"line":14,"column":2},"end":{"line":14,"column":null}},"3":{"start":{"line":15,"column":2},"end":{"line":15,"column":null}},"4":{"start":{"line":21,"column":28},"end":{"line":44,"column":null}},"5":{"start":{"line":28,"column":21},"end":{"line":28,"column":null}},"6":{"start":{"line":30,"column":2},"end":{"line":38,"column":null}},"7":{"start":{"line":40,"column":2},"end":{"line":43,"column":null}}},"fnMap":{"0":{"name":"(anonymous_0)","decl":{"start":{"line":8,"column":31},"end":{"line":8,"column":null}},"loc":{"start":{"line":12,"column":5},"end":{"line":16,"column":null}}},"1":{"name":"(anonymous_1)","decl":{"start":{"line":21,"column":28},"end":{"line":21,"column":null}},"loc":{"start":{"line":27,"column":5},"end":{"line":44,"column":null}}}},"branchMap":{"0":{"loc":{"start":{"line":28,"column":21},"end":{"line":28,"column":null}},"type":"binary-expr","locations":[{"start":{"line":28,"column":21},"end":{"line":28,"column":39}},{"start":{"line":28,"column":39},"end":{"line":28,"column":null}}]},"1":{"loc":{"start":{"line":41,"column":13},"end":{"line":41,"column":null}},"type":"cond-expr","locations":[{"start":{"line":41,"column":34},"end":{"line":41,"column":60}},{"start":{"line":41,"column":60},"end":{"line":41,"column":null}}]},"2":{"loc":{"start":{"line":42,"column":8},"end":{"line":42,"column":null}},"type":"binary-expr","locations":[{"start":{"line":42,"column":8},"end":{"line":42,"column":50}},{"start":{"line":42,"column":50},"end":{"line":42,"column":null}}]}},"s":{"0":0,"1":0,"2":0,"3":0,"4":0,"5":0,"6":0,"7":0},"f":{"0":0,"1":0},"b":{"0":[0,0],"1":[0,0],"2":[0,0]}}
,"E:/PROJECTS/Studzee/BACKEND/src/middleware/helmet.ts": {"path":"E:/PROJECTS/Studzee/BACKEND/src/middleware/helmet.ts","statementMap":{"0":{"start":{"line":3,"column":28},"end":{"line":15,"column":null}}},"fnMap":{},"branchMap":{},"s":{"0":0},"f":{},"b":{}}
,"E:/PROJECTS/Studzee/BACKEND/src/middleware/upload.ts": {"path":"E:/PROJECTS/Studzee/BACKEND/src/middleware/upload.ts","statementMap":{"0":{"start":{"line":5,"column":16},"end":{"line":5,"column":null}},"1":{"start":{"line":10,"column":20},"end":{"line":25,"column":null}},"2":{"start":{"line":15,"column":23},"end":{"line":15,"column":null}},"3":{"start":{"line":16,"column":2},"end":{"line":24,"column":null}},"4":{"start":{"line":17,"column":4},"end":{"line":17,"column":null}},"5":{"start":{"line":19,"column":4},"end":{"line":23,"column":null}},"6":{"start":{"line":30,"column":18},"end":{"line":40,"column":null}},"7":{"start":{"line":35,"column":2},"end":{"line":39,"column":null}},"8":{"start":{"line":36,"column":4},"end":{"line":36,"column":null}},"9":{"start":{"line":38,"column":4},"end":{"line":38,"column":null}},"10":{"start":{"line":46,"column":20},"end":{"line":52,"column":null}},"11":{"start":{"line":58,"column":18},"end":{"line":64,"column":null}},"12":{"start":{"line":69,"column":26},"end":{"line":91,"column":null}},"13":{"start":{"line":73,"column":2},"end":{"line":90,"column":null}},"14":{"start":{"line":74,"column":4},"end":{"line":89,"column":null}},"15":{"start":{"line":75,"column":6},"end":{"line":87,"column":null}},"16":{"start":{"line":77,"column":8},"end":{"line":82,"column":null}},"17":{"start":{"line":78,"column":10},"end":{"line":81,"column":null}},"18":{"start":{"line":83,"column":8},"end":{"line":83,"column":null}},"19":{"start":{"line":84,"column":6},"end":{"line":87,"column":null}},"20":{"start":{"line":86,"column":8},"end":{"line":86,"column":null}},"21":{"start":{"line":88,"column":6},"end":{"line":88,"column":null}},"22":{"start":{"line":93,"column":27},"end":{"line":93,"column":null}},"23":{"start":{"line":94,"column":25},"end":{"line":94,"column":null}}},"fnMap":{"0":{"name":"(anonymous_0)","decl":{"start":{"line":10,"column":20},"end":{"line":10,"column":null}},"loc":{"start":{"line":14,"column":5},"end":{"line":25,"column":null}}},"1":{"name":"(anonymous_1)","decl":{"start":{"line":30,"column":18},"end":{"line":30,"column":null}},"loc":{"start":{"line":34,"column":5},"end":{"line":40,"column":null}}},"2":{"name":"(anonymous_2)","decl":{"start":{"line":69,"column":26},"end":{"line":69,"column":null}},"loc":{"start":{"line":72,"column":5},"end":{"line":91,"column":null}}},"3":{"name":"(anonymous_3)","decl":{"start":{"line":73,"column":9},"end":{"line":73,"column":10}},"loc":{"start":{"line":73,"column":62},"end":{"line":90,"column":null}}},"4":{"name":"(anonymous_4)","decl":{"start":{"line":74,"column":21},"end":{"line":74,"column":22}},"loc":{"start":{"line":74,"column":44},"end":{"line":89,"column":5}}}},"branchMap":{"0":{"loc":{"start":{"line":16,"column":2},"end":{"line":24,"column":null}},"type":"if","locations":[{"start":{"line":16,"column":2},"end":{"line":24,"column":null}},{"start":{"line":18,"column":9},"end":{"line":24,"column":null}}]},"1":{"loc":{"start":{"line":35,"column":2},"end":{"line":39,"column":null}},"type":"if","locations":[{"start":{"line":35,"column":2},"end":{"line":39,"column":null}},{"start":{"line":37,"column":9},"end":{"line":39,"column":null}}]},"2":{"loc":{"start":{"line":75,"column":6},"end":{"line":87,"column":null}},"type":"if","locations":[{"start":{"line":75,"column":6},"end":{"line":87,"column":null}},{"start":{"line":84,"column":6},"end":{"line":87,"column":null}}]},"3":{"loc":{"start":{"line":77,"column":8},"end":{"line":82,"column":null}},"type":"if","locations":[{"start":{"line":77,"column":8},"end":{"line":82,"column":null}},{"start":{"line":77,"column":8},"end":{"line":82,"column":null}}]},"4":{"loc":{"start":{"line":84,"column":6},"end":{"line":87,"column":null}},"type":"if","locations":[{"start":{"line":84,"column":6},"end":{"line":87,"column":null}},{"start":{"line":84,"column":6},"end":{"line":87,"column":null}}]}},"s":{"0":0,"1":0,"2":0,"3":0,"4":0,"5":0,"6":0,"7":0,"8":0,"9":0,"10":0,"11":0,"12":0,"13":0,"14":0,"15":0,"16":0,"17":0,"18":0,"19":0,"20":0,"21":0,"22":0,"23":0},"f":{"0":0,"1":0,"2":0,"3":0,"4":0},"b":{"0":[0,0],"1":[0,0],"2":[0,0],"3":[0,0],"4":[0,0]}}
,"E:/PROJECTS/Studzee/BACKEND/src/models/document.model.ts": {"path":"E:/PROJECTS/Studzee/BACKEND/src/models/document.model.ts","statementMap":{"0":{"start":{"line":7,"column":31},"end":{"line":14,"column":null}},"1":{"start":{"line":19,"column":30},"end":{"line":27,"column":null}},"2":{"start":{"line":32,"column":31},"end":{"line":53,"column":null}},"3":{"start":{"line":58,"column":0},"end":{"line":58,"column":null}},"4":{"start":{"line":63,"column":29},"end":{"line":66,"column":null}}},"fnMap":{},"branchMap":{},"s":{"0":4,"1":4,"2":4,"3":4,"4":4},"f":{},"b":{}}
,"E:/PROJECTS/Studzee/BACKEND/src/models/document.validation.ts": {"path":"E:/PROJECTS/Studzee/BACKEND/src/models/document.validation.ts","statementMap":{"0":{"start":{"line":6,"column":30},"end":{"line":10,"column":null}},"1":{"start":{"line":15,"column":29},"end":{"line":20,"column":null}},"2":{"start":{"line":26,"column":30},"end":{"line":37,"column":null}}},"fnMap":{},"branchMap":{},"s":{"0":0,"1":0,"2":0},"f":{},"b":{}}
,"E:/PROJECTS/Studzee/BACKEND/src/services/admin.service.ts": {"path":"E:/PROJECTS/Studzee/BACKEND/src/services/admin.service.ts","statementMap":{"0":{"start":{"line":8,"column":29},"end":{"line":12,"column":null}},"1":{"start":{"line":19,"column":4},"end":{"line":43,"column":null}},"2":{"start":{"line":20,"column":21},"end":{"line":20,"column":null}},"3":{"start":{"line":21,"column":22},"end":{"line":21,"column":null}},"4":{"start":{"line":22,"column":26},"end":{"line":22,"column":null}},"5":{"start":{"line":24,"column":18},"end":{"line":33,"column":null}},"6":{"start":{"line":36,"column":6},"end":{"line":36,"column":null}},"7":{"start":{"line":38,"column":6},"end":{"line":38,"column":null}},"8":{"start":{"line":39,"column":6},"end":{"line":39,"column":null}},"9":{"start":{"line":41,"column":6},"end":{"line":41,"column":null}},"10":{"start":{"line":42,"column":6},"end":{"line":42,"column":null}},"11":{"start":{"line":50,"column":4},"end":{"line":70,"column":null}},"12":{"start":{"line":51,"column":30},"end":{"line":51,"column":null}},"13":{"start":{"line":52,"column":23},"end":{"line":56,"column":null}},"14":{"start":{"line":58,"column":6},"end":{"line":60,"column":null}},"15":{"start":{"line":59,"column":8},"end":{"line":59,"column":null}},"16":{"start":{"line":63,"column":6},"end":{"line":63,"column":null}},"17":{"start":{"line":65,"column":6},"end":{"line":65,"column":null}},"18":{"start":{"line":66,"column":6},"end":{"line":66,"column":null}},"19":{"start":{"line":68,"column":6},"end":{"line":68,"column":null}},"20":{"start":{"line":69,"column":6},"end":{"line":69,"column":null}},"21":{"start":{"line":77,"column":4},"end":{"line":92,"column":null}},"22":{"start":{"line":78,"column":23},"end":{"line":78,"column":null}},"23":{"start":{"line":80,"column":6},"end":{"line":82,"column":null}},"24":{"start":{"line":81,"column":8},"end":{"line":81,"column":null}},"25":{"start":{"line":85,"column":6},"end":{"line":85,"column":null}},"26":{"start":{"line":87,"column":6},"end":{"line":87,"column":null}},"27":{"start":{"line":88,"column":6},"end":{"line":88,"column":null}},"28":{"start":{"line":90,"column":6},"end":{"line":90,"column":null}},"29":{"start":{"line":91,"column":6},"end":{"line":91,"column":null}},"30":{"start":{"line":96,"column":28},"end":{"line":96,"column":null}}},"fnMap":{"0":{"name":"(anonymous_0)","decl":{"start":{"line":18,"column":2},"end":{"line":18,"column":8}},"loc":{"start":{"line":18,"column":40},"end":{"line":44,"column":null}}},"1":{"name":"(anonymous_1)","decl":{"start":{"line":49,"column":2},"end":{"line":49,"column":8}},"loc":{"start":{"line":49,"column":50},"end":{"line":71,"column":null}}},"2":{"name":"(anonymous_2)","decl":{"start":{"line":76,"column":2},"end":{"line":76,"column":8}},"loc":{"start":{"line":76,"column":35},"end":{"line":93,"column":null}}}},"branchMap":{"0":{"loc":{"start":{"line":22,"column":49},"end":{"line":22,"column":71}},"type":"binary-expr","locations":[{"start":{"line":22,"column":49},"end":{"line":22,"column":69}},{"start":{"line":22,"column":69},"end":{"line":22,"column":71}}]},"1":{"loc":{"start":{"line":31,"column":18},"end":{"line":31,"column":null}},"type":"binary-expr","locations":[{"start":{"line":31,"column":18},"end":{"line":31,"column":37}},{"start":{"line":31,"column":37},"end":{"line":31,"column":null}}]},"2":{"loc":{"start":{"line":32,"column":16},"end":{"line":32,"column":null}},"type":"binary-expr","locations":[{"start":{"line":32,"column":16},"end":{"line":32,"column":33}},{"start":{"line":32,"column":33},"end":{"line":32,"column":null}}]},"3":{"loc":{"start":{"line":58,"column":6},"end":{"line":60,"column":null}},"type":"if","locations":[{"start":{"line":58,"column":6},"end":{"line":60,"column":null}},{"start":{"line":58,"column":6},"end":{"line":60,"column":null}}]},"4":{"loc":{"start":{"line":80,"column":6},"end":{"line":82,"column":null}},"type":"if","locations":[{"start":{"line":80,"column":6},"end":{"line":82,"column":null}},{"start":{"line":80,"column":6},"end":{"line":82,"column":null}}]}},"s":{"0":0,"1":0,"2":0,"3":0,"4":0,"5":0,"6":0,"7":0,"8":0,"9":0,"10":0,"11":0,"12":0,"13":0,"14":0,"15":0,"16":0,"17":0,"18":0,"19":0,"20":0,"21":0,"22":0,"23":0,"24":0,"25":0,"26":0,"27":0,"28":0,"29":0,"30":0},"f":{"0":0,"1":0,"2":0},"b":{"0":[0,0],"1":[0,0],"2":[0,0],"3":[0,0],"4":[0,0]}}
,"E:/PROJECTS/Studzee/BACKEND/src/services/content.service.ts": {"path":"E:/PROJECTS/Studzee/BACKEND/src/services/content.service.ts","statementMap":{"0":{"start":{"line":9,"column":34},"end":{"line":20,"column":null}},"1":{"start":{"line":10,"column":8},"end":{"line":10,"column":null}},"2":{"start":{"line":11,"column":29},"end":{"line":18,"column":null}},"3":{"start":{"line":19,"column":2},"end":{"line":19,"column":null}},"4":{"start":{"line":25,"column":27},"end":{"line":55,"column":null}},"5":{"start":{"line":26,"column":19},"end":{"line":26,"column":null}},"6":{"start":{"line":28,"column":2},"end":{"line":36,"column":null}},"7":{"start":{"line":29,"column":23},"end":{"line":29,"column":null}},"8":{"start":{"line":30,"column":4},"end":{"line":33,"column":null}},"9":{"start":{"line":31,"column":6},"end":{"line":31,"column":null}},"10":{"start":{"line":32,"column":6},"end":{"line":32,"column":null}},"11":{"start":{"line":35,"column":4},"end":{"line":35,"column":null}},"12":{"start":{"line":38,"column":2},"end":{"line":38,"column":null}},"13":{"start":{"line":39,"column":31},"end":{"line":39,"column":null}},"14":{"start":{"line":41,"column":19},"end":{"line":44,"column":null}},"15":{"start":{"line":42,"column":34},"end":{"line":42,"column":58}},"16":{"start":{"line":46,"column":2},"end":{"line":52,"column":null}},"17":{"start":{"line":47,"column":4},"end":{"line":49,"column":null}},"18":{"start":{"line":51,"column":4},"end":{"line":51,"column":null}},"19":{"start":{"line":54,"column":2},"end":{"line":54,"column":null}},"20":{"start":{"line":60,"column":30},"end":{"line":89,"column":null}},"21":{"start":{"line":61,"column":19},"end":{"line":61,"column":null}},"22":{"start":{"line":63,"column":2},"end":{"line":71,"column":null}},"23":{"start":{"line":64,"column":23},"end":{"line":64,"column":null}},"24":{"start":{"line":65,"column":4},"end":{"line":68,"column":null}},"25":{"start":{"line":66,"column":6},"end":{"line":66,"column":null}},"26":{"start":{"line":67,"column":6},"end":{"line":67,"column":null}},"27":{"start":{"line":70,"column":4},"end":{"line":70,"column":null}},"28":{"start":{"line":73,"column":2},"end":{"line":73,"column":null}},"29":{"start":{"line":74,"column":19},"end":{"line":74,"column":null}},"30":{"start":{"line":76,"column":2},"end":{"line":78,"column":null}},"31":{"start":{"line":77,"column":4},"end":{"line":77,"column":null}},"32":{"start":{"line":80,"column":2},"end":{"line":86,"column":null}},"33":{"start":{"line":81,"column":4},"end":{"line":83,"column":null}},"34":{"start":{"line":85,"column":4},"end":{"line":85,"column":null}},"35":{"start":{"line":88,"column":2},"end":{"line":88,"column":null}},"36":{"start":{"line":94,"column":31},"end":{"line":151,"column":null}},"37":{"start":{"line":95,"column":19},"end":{"line":95,"column":null}},"38":{"start":{"line":97,"column":2},"end":{"line":105,"column":null}},"39":{"start":{"line":98,"column":23},"end":{"line":98,"column":null}},"40":{"start":{"line":99,"column":4},"end":{"line":102,"column":null}},"41":{"start":{"line":100,"column":6},"end":{"line":100,"column":null}},"42":{"start":{"line":101,"column":6},"end":{"line":101,"column":null}},"43":{"start":{"line":104,"column":4},"end":{"line":104,"column":null}},"44":{"start":{"line":107,"column":2},"end":{"line":107,"column":null}},"45":{"start":{"line":110,"column":14},"end":{"line":110,"column":null}},"46":{"start":{"line":111,"column":20},"end":{"line":111,"column":null}},"47":{"start":{"line":112,"column":17},"end":{"line":112,"column":null}},"48":{"start":{"line":115,"column":21},"end":{"line":115,"column":null}},"49":{"start":{"line":116,"column":2},"end":{"line":116,"column":null}},"50":{"start":{"line":119,"column":19},"end":{"line":119,"column":null}},"51":{"start":{"line":120,"column":2},"end":{"line":120,"column":null}},"52":{"start":{"line":122,"column":20},"end":{"line":132,"column":null}},"53":{"start":{"line":134,"column":19},"end":{"line":140,"column":null}},"54":{"start":{"line":135,"column":34},"end":{"line":135,"column":58}},"55":{"start":{"line":142,"column":2},"end":{"line":148,"column":null}},"56":{"start":{"line":143,"column":4},"end":{"line":145,"column":null}},"57":{"start":{"line":147,"column":4},"end":{"line":147,"column":null}},"58":{"start":{"line":150,"column":2},"end":{"line":150,"column":null}}},"fnMap":{"0":{"name":"(anonymous_0)","decl":{"start":{"line":9,"column":34},"end":{"line":9,"column":41}},"loc":{"start":{"line":9,"column":73},"end":{"line":20,"column":null}}},"1":{"name":"(anonymous_1)","decl":{"start":{"line":25,"column":27},"end":{"line":25,"column":34}},"loc":{"start":{"line":25,"column":66},"end":{"line":55,"column":null}}},"2":{"name":"(anonymous_2)","decl":{"start":{"line":42,"column":24},"end":{"line":42,"column":25}},"loc":{"start":{"line":42,"column":34},"end":{"line":42,"column":58}}},"3":{"name":"(anonymous_3)","decl":{"start":{"line":60,"column":30},"end":{"line":60,"column":37}},"loc":{"start":{"line":60,"column":79},"end":{"line":89,"column":null}}},"4":{"name":"(anonymous_4)","decl":{"start":{"line":94,"column":31},"end":{"line":94,"column":43}},"loc":{"start":{"line":94,"column":43},"end":{"line":151,"column":null}}},"5":{"name":"(anonymous_5)","decl":{"start":{"line":135,"column":24},"end":{"line":135,"column":25}},"loc":{"start":{"line":135,"column":34},"end":{"line":135,"column":58}}}},"branchMap":{"0":{"loc":{"start":{"line":30,"column":4},"end":{"line":33,"column":null}},"type":"if","locations":[{"start":{"line":30,"column":4},"end":{"line":33,"column":null}},{"start":{"line":30,"column":4},"end":{"line":33,"column":null}}]},"1":{"loc":{"start":{"line":65,"column":4},"end":{"line":68,"column":null}},"type":"if","locations":[{"start":{"line":65,"column":4},"end":{"line":68,"column":null}},{"start":{"line":65,"column":4},"end":{"line":68,"column":null}}]},"2":{"loc":{"start":{"line":76,"column":2},"end":{"line":78,"column":null}},"type":"if","locations":[{"start":{"line":76,"column":2},"end":{"line":78,"column":null}},{"start":{"line":76,"column":2},"end":{"line":78,"column":null}}]},"3":{"loc":{"start":{"line":99,"column":4},"end":{"line":102,"column":null}},"type":"if","locations":[{"start":{"line":99,"column":4},"end":{"line":102,"column":null}},{"start":{"line":99,"column":4},"end":{"line":102,"column":null}}]}},"s":{"0":4,"1":10,"2":10,"3":10,"4":4,"5":13,"6":13,"7":13,"8":12,"9":3,"10":3,"11":1,"12":10,"13":10,"14":10,"15":22,"16":10,"17":10,"18":0,"19":10,"20":4,"21":3,"22":3,"23":3,"24":3,"25":1,"26":1,"27":0,"28":2,"29":2,"30":2,"31":1,"32":1,"33":1,"34":0,"35":1,"36":4,"37":1,"38":1,"39":1,"40":1,"41":1,"42":1,"43":0,"44":0,"45":0,"46":0,"47":0,"48":0,"49":0,"50":0,"51":0,"52":0,"53":0,"54":0,"55":0,"56":0,"57":0,"58":0},"f":{"0":10,"1":13,"2":22,"3":3,"4":1,"5":0},"b":{"0":[3,9],"1":[1,2],"2":[1,1],"3":[1,0]}}
,"E:/PROJECTS/Studzee/BACKEND/src/services/pdf.service.ts": {"path":"E:/PROJECTS/Studzee/BACKEND/src/services/pdf.service.ts","statementMap":{"0":{"start":{"line":5,"column":28},"end":{"line":8,"column":null}},"1":{"start":{"line":15,"column":4},"end":{"line":61,"column":null}},"2":{"start":{"line":16,"column":30},"end":{"line":16,"column":null}},"3":{"start":{"line":18,"column":12},"end":{"line":18,"column":null}},"4":{"start":{"line":21,"column":33},"end":{"line":31,"column":null}},"5":{"start":{"line":34,"column":19},"end":{"line":46,"column":null}},"6":{"start":{"line":35,"column":8},"end":{"line":37,"column":null}},"7":{"start":{"line":36,"column":10},"end":{"line":36,"column":null}},"8":{"start":{"line":38,"column":8},"end":{"line":45,"column":null}},"9":{"start":{"line":38,"column":40},"end":{"line":45,"column":10}},"10":{"start":{"line":48,"column":6},"end":{"line":48,"column":null}},"11":{"start":{"line":50,"column":6},"end":{"line":57,"column":null}},"12":{"start":{"line":59,"column":6},"end":{"line":59,"column":null}},"13":{"start":{"line":60,"column":6},"end":{"line":60,"column":null}},"14":{"start":{"line":65,"column":26},"end":{"line":65,"column":null}}},"fnMap":{"0":{"name":"(anonymous_0)","decl":{"start":{"line":14,"column":2},"end":{"line":14,"column":8}},"loc":{"start":{"line":14,"column":33},"end":{"line":62,"column":null}}},"1":{"name":"(anonymous_1)","decl":{"start":{"line":34,"column":37},"end":{"line":34,"column":38}},"loc":{"start":{"line":34,"column":46},"end":{"line":46,"column":7}}},"2":{"name":"(anonymous_2)","decl":{"start":{"line":38,"column":30},"end":{"line":38,"column":31}},"loc":{"start":{"line":38,"column":40},"end":{"line":45,"column":10}}}},"branchMap":{"0":{"loc":{"start":{"line":35,"column":8},"end":{"line":37,"column":null}},"type":"if","locations":[{"start":{"line":35,"column":8},"end":{"line":37,"column":null}},{"start":{"line":35,"column":8},"end":{"line":37,"column":null}}]},"1":{"loc":{"start":{"line":35,"column":12},"end":{"line":35,"column":55}},"type":"binary-expr","locations":[{"start":{"line":35,"column":12},"end":{"line":35,"column":27}},{"start":{"line":35,"column":27},"end":{"line":35,"column":55}}]}},"s":{"0":0,"1":0,"2":0,"3":0,"4":0,"5":0,"6":0,"7":0,"8":0,"9":0,"10":0,"11":0,"12":0,"13":0,"14":0},"f":{"0":0,"1":0,"2":0},"b":{"0":[0,0],"1":[0,0]}}
,"E:/PROJECTS/Studzee/BACKEND/src/services/upload.service.ts": {"path":"E:/PROJECTS/Studzee/BACKEND/src/services/upload.service.ts","statementMap":{"0":{"start":{"line":10,"column":25},"end":{"line":17,"column":null}},"1":{"start":{"line":11,"column":2},"end":{"line":16,"column":null}},"2":{"start":{"line":31,"column":4},"end":{"line":80,"column":null}},"3":{"start":{"line":33,"column":6},"end":{"line":35,"column":null}},"4":{"start":{"line":34,"column":8},"end":{"line":34,"column":null}},"5":{"start":{"line":38,"column":23},"end":{"line":38,"column":null}},"6":{"start":{"line":39,"column":6},"end":{"line":41,"column":null}},"7":{"start":{"line":40,"column":8},"end":{"line":40,"column":null}},"8":{"start":{"line":44,"column":6},"end":{"line":52,"column":null}},"9":{"start":{"line":45,"column":8},"end":{"line":51,"column":null}},"10":{"start":{"line":46,"column":22},"end":{"line":46,"column":null}},"11":{"start":{"line":47,"column":10},"end":{"line":47,"column":null}},"12":{"start":{"line":49,"column":10},"end":{"line":49,"column":null}},"13":{"start":{"line":56,"column":18},"end":{"line":56,"column":null}},"14":{"start":{"line":57,"column":22},"end":{"line":62,"column":null}},"15":{"start":{"line":65,"column":6},"end":{"line":65,"column":null}},"16":{"start":{"line":66,"column":6},"end":{"line":66,"column":null}},"17":{"start":{"line":69,"column":6},"end":{"line":69,"column":null}},"18":{"start":{"line":71,"column":6},"end":{"line":71,"column":null}},"19":{"start":{"line":73,"column":6},"end":{"line":76,"column":null}},"20":{"start":{"line":78,"column":6},"end":{"line":78,"column":null}},"21":{"start":{"line":79,"column":6},"end":{"line":79,"column":null}},"22":{"start":{"line":87,"column":4},"end":{"line":137,"column":null}},"23":{"start":{"line":89,"column":23},"end":{"line":89,"column":null}},"24":{"start":{"line":90,"column":6},"end":{"line":92,"column":null}},"25":{"start":{"line":91,"column":8},"end":{"line":91,"column":null}},"26":{"start":{"line":95,"column":29},"end":{"line":95,"column":null}},"27":{"start":{"line":96,"column":31},"end":{"line":96,"column":null}},"28":{"start":{"line":99,"column":40},"end":{"line":105,"column":null}},"29":{"start":{"line":108,"column":24},"end":{"line":113,"column":null}},"30":{"start":{"line":116,"column":6},"end":{"line":118,"column":null}},"31":{"start":{"line":117,"column":8},"end":{"line":117,"column":null}},"32":{"start":{"line":121,"column":6},"end":{"line":121,"column":null}},"33":{"start":{"line":122,"column":6},"end":{"line":122,"column":null}},"34":{"start":{"line":125,"column":6},"end":{"line":125,"column":null}},"35":{"start":{"line":127,"column":6},"end":{"line":127,"column":null}},"36":{"start":{"line":129,"column":6},"end":{"line":133,"column":null}},"37":{"start":{"line":135,"column":6},"end":{"line":135,"column":null}},"38":{"start":{"line":136,"column":6},"end":{"line":136,"column":null}},"39":{"start":{"line":141,"column":29},"end":{"line":141,"column":null}}},"fnMap":{"0":{"name":"(anonymous_0)","decl":{"start":{"line":10,"column":25},"end":{"line":10,"column":26}},"loc":{"start":{"line":10,"column":55},"end":{"line":17,"column":null}}},"1":{"name":"(anonymous_1)","decl":{"start":{"line":30,"column":2},"end":{"line":30,"column":8}},"loc":{"start":{"line":30,"column":68},"end":{"line":81,"column":null}}},"2":{"name":"(anonymous_2)","decl":{"start":{"line":86,"column":2},"end":{"line":86,"column":8}},"loc":{"start":{"line":86,"column":66},"end":{"line":138,"column":null}}}},"branchMap":{"0":{"loc":{"start":{"line":33,"column":6},"end":{"line":35,"column":null}},"type":"if","locations":[{"start":{"line":33,"column":6},"end":{"line":35,"column":null}},{"start":{"line":33,"column":6},"end":{"line":35,"column":null}}]},"1":{"loc":{"start":{"line":33,"column":10},"end":{"line":33,"column":51}},"type":"binary-expr","locations":[{"start":{"line":33,"column":10},"end":{"line":33,"column":25}},{"start":{"line":33,"column":25},"end":{"line":33,"column":51}}]},"2":{"loc":{"start":{"line":39,"column":6},"end":{"line":41,"column":null}},"type":"if","locations":[{"start":{"line":39,"column":6},"end":{"line":41,"column":null}},{"start":{"line":39,"column":6},"end":{"line":41,"column":null}}]},"3":{"loc":{"start":{"line":44,"column":6},"end":{"line":52,"column":null}},"type":"if","locations":[{"start":{"line":44,"column":6},"end":{"line":52,"column":null}},{"start":{"line":44,"column":6},"end":{"line":52,"column":null}}]},"4":{"loc":{"start":{"line":56,"column":18},"end":{"line":56,"column":null}},"type":"binary-expr","locations":[{"start":{"line":56,"column":18},"end":{"line":56,"column":49}},{"start":{"line":56,"column":49},"end":{"line":56,"column":null}}]},"5":{"loc":{"start":{"line":90,"column":6},"end":{"line":92,"column":null}},"type":"if","locations":[{"start":{"line":90,"column":6},"end":{"line":92,"column":null}},{"start":{"line":90,"column":6},"end":{"line":92,"column":null}}]},"6":{"loc":{"start":{"line":116,"column":6},"end":{"line":118,"column":null}},"type":"if","locations":[{"start":{"line":116,"column":6},"end":{"line":118,"column":null}},{"start":{"line":116,"column":6},"end":{"line":118,"column":null}}]}},"s":{"0":0,"1":0,"2":0,"3":0,"4":0,"5":0,"6":0,"7":0,"8":0,"9":0,"10":0,"11":0,"12":0,"13":0,"14":0,"15":0,"16":0,"17":0,"18":0,"19":0,"20":0,"21":0,"22":0,"23":0,"24":0,"25":0,"26":0,"27":0,"28":0,"29":0,"30":0,"31":0,"32":0,"33":0,"34":0,"35":0,"36":0,"37":0,"38":0,"39":0},"f":{"0":0,"1":0,"2":0},"b":{"0":[0,0],"1":[0,0],"2":[0,0],"3":[0,0],"4":[0,0],"5":[0,0],"6":[0,0]}}
,"E:/PROJECTS/Studzee/BACKEND/src/utils/cache.ts": {"path":"E:/PROJECTS/Studzee/BACKEND/src/utils/cache.ts","statementMap":{"0":{"start":{"line":8,"column":34},"end":{"line":31,"column":null}},"1":{"start":{"line":9,"column":2},"end":{"line":30,"column":null}},"2":{"start":{"line":11,"column":21},"end":{"line":11,"column":null}},"3":{"start":{"line":12,"column":20},"end":{"line":12,"column":null}},"4":{"start":{"line":13,"column":22},"end":{"line":13,"column":null}},"5":{"start":{"line":15,"column":20},"end":{"line":15,"column":null}},"6":{"start":{"line":17,"column":4},"end":{"line":26,"column":null}},"7":{"start":{"line":18,"column":6},"end":{"line":18,"column":null}},"8":{"start":{"line":19,"column":6},"end":{"line":23,"column":null}},"9":{"start":{"line":25,"column":6},"end":{"line":25,"column":null}},"10":{"start":{"line":28,"column":4},"end":{"line":28,"column":null}},"11":{"start":{"line":37,"column":39},"end":{"line":47,"column":null}},"12":{"start":{"line":40,"column":2},"end":{"line":46,"column":null}},"13":{"start":{"line":41,"column":16},"end":{"line":41,"column":null}},"14":{"start":{"line":42,"column":4},"end":{"line":42,"column":null}},"15":{"start":{"line":43,"column":4},"end":{"line":43,"column":null}},"16":{"start":{"line":45,"column":4},"end":{"line":45,"column":null}},"17":{"start":{"line":53,"column":35},"end":{"line":63,"column":null}},"18":{"start":{"line":54,"column":2},"end":{"line":62,"column":null}},"19":{"start":{"line":55,"column":21},"end":{"line":55,"column":null}},"20":{"start":{"line":56,"column":4},"end":{"line":59,"column":null}},"21":{"start":{"line":57,"column":6},"end":{"line":57,"column":null}},"22":{"start":{"line":58,"column":6},"end":{"line":58,"column":null}},"23":{"start":{"line":61,"column":4},"end":{"line":61,"column":null}}},"fnMap":{"0":{"name":"(anonymous_0)","decl":{"start":{"line":8,"column":34},"end":{"line":8,"column":61}},"loc":{"start":{"line":8,"column":61},"end":{"line":31,"column":null}}},"1":{"name":"(anonymous_1)","decl":{"start":{"line":37,"column":39},"end":{"line":37,"column":null}},"loc":{"start":{"line":39,"column":20},"end":{"line":47,"column":null}}},"2":{"name":"(anonymous_2)","decl":{"start":{"line":53,"column":35},"end":{"line":53,"column":62}},"loc":{"start":{"line":53,"column":62},"end":{"line":63,"column":null}}}},"branchMap":{"0":{"loc":{"start":{"line":17,"column":4},"end":{"line":26,"column":null}},"type":"if","locations":[{"start":{"line":17,"column":4},"end":{"line":26,"column":null}},{"start":{"line":24,"column":11},"end":{"line":26,"column":null}}]},"1":{"loc":{"start":{"line":56,"column":4},"end":{"line":59,"column":null}},"type":"if","locations":[{"start":{"line":56,"column":4},"end":{"line":59,"column":null}},{"start":{"line":56,"column":4},"end":{"line":59,"column":null}}]}},"s":{"0":0,"1":0,"2":0,"3":0,"4":0,"5":0,"6":0,"7":0,"8":0,"9":0,"10":0,"11":0,"12":0,"13":0,"14":0,"15":0,"16":0,"17":0,"18":0,"19":0,"20":0,"21":0,"22":0,"23":0},"f":{"0":0,"1":0,"2":0},"b":{"0":[0,0],"1":[0,0]}}
,"E:/PROJECTS/Studzee/BACKEND/src/utils/logger.ts": {"path":"E:/PROJECTS/Studzee/BACKEND/src/utils/logger.ts","statementMap":{"0":{"start":{"line":8,"column":2},"end":{"line":22,"column":null}}},"fnMap":{},"branchMap":{"0":{"loc":{"start":{"line":8,"column":2},"end":{"line":22,"column":null}},"type":"cond-expr","locations":[{"start":{"line":9,"column":6},"end":{"line":19,"column":null}},{"start":{"line":20,"column":6},"end":{"line":22,"column":null}}]}},"s":{"0":0},"f":{},"b":{"0":[0,0]}}
}
